[13:02:18] [ServerMain/INFO]: [bootstrap] Running Java 21 (OpenJDK 64-Bit Server VM 21.0.7+6-LTS; Eclipse Adoptium Temurin-21.0.7+6) on Linux 6.11.0-1014-azure (amd64)
[13:02:18] [ServerMain/INFO]: [bootstrap] Loading Pufferfish 1.21.3-27-HEAD@04bc249 (2024-12-04T01:51:20Z) for Minecraft 1.21.3
[13:02:19] [ServerMain/INFO]: [PluginInitializerManager] Initializing plugins...
[13:02:19] [ServerMain/INFO]: [PluginInitializerManager] Initialized 7 plugins
[13:02:19] [ServerMain/INFO]: [PluginInitializerManager] Bukkit plugins (7):
 - Kryptonite (2.0.1), MinecraftDashboard (1.1.7), SkBee (3.11.2), Skript (2.11.1), ViaBackwards (5.3.3-SNAPSHOT), ViaVersion (5.3.3-SNAPSHOT), skript-reflect (2.6)
[13:02:23] [ServerMain/INFO]: Environment: Environment[sessionHost=https://sessionserver.mojang.com, servicesHost=https://api.minecraftservices.com, name=PROD]
[13:02:24] [ServerMain/INFO]: Loaded 1337 recipes
[13:02:24] [ServerMain/INFO]: Loaded 1448 advancements
[13:02:25] [Server thread/INFO]: Starting minecraft server version 1.21.3
[13:02:25] [Server thread/INFO]: Loading properties
[13:02:25] [Server thread/INFO]: This server is running Pufferfish version 1.21.3-27-HEAD@04bc249 (2024-12-04T01:51:20Z) (Implementing API version 1.21.3-R0.1-SNAPSHOT)
[13:02:25] [Server thread/INFO]: [spark] This server bundles the spark profiler. For more information please visit https://docs.papermc.io/paper/profiling
[13:02:25] [Server thread/INFO]: Server Ping Player Sample Count: 12
[13:02:25] [Server thread/INFO]: Using 4 threads for Netty based IO
[13:02:26] [Server thread/INFO]: [MoonriseCommon] Paper is using 1 worker threads, 1 I/O threads
[13:02:26] [Server thread/INFO]: [ChunkTaskScheduler] Chunk system is using population gen parallelism: true
[13:02:26] [Server thread/INFO]: [Pufferfish] Max SIMD vector size on this system is 256 bits (int)
[13:02:26] [Server thread/INFO]: [Pufferfish] Max SIMD vector size on this system is 256 bits (float)
[13:02:26] [Server thread/INFO]: [Pufferfish] SIMD operations detected as functional. Will replace some operations with faster versions.
[13:02:26] [Server thread/INFO]: Default game type: SURVIVAL
[13:02:26] [Server thread/INFO]: Generating keypair
[13:02:26] [Server thread/INFO]: Starting Minecraft server on *:25565
[13:02:26] [Server thread/INFO]: Using epoll channel type
[13:02:26] [Server thread/INFO]: Paper: Using libdeflate (Linux x86_64) compression from Velocity.
[13:02:26] [Server thread/INFO]: Paper: Using OpenSSL 3.x.x (Linux x86_64) cipher from Velocity.
[13:02:27] [Server thread/INFO]: [Skript] Loading server plugin Skript v2.11.1
[13:02:27] [Server thread/INFO]: [ViaVersion] Loading server plugin ViaVersion v5.3.3-SNAPSHOT
[13:02:27] [Server thread/INFO]: [ViaVersion] ViaVersion 5.3.3-SNAPSHOT is now loaded. Registering protocol transformers and injecting...
[13:02:28] [Via-Mappingloader-0/INFO]: [ViaVersion] Loading block connection mappings ...
[13:02:28] [Via-Mappingloader-0/INFO]: [ViaVersion] Using FastUtil Long2ObjectOpenHashMap for block connections
[13:02:28] [Server thread/INFO]: [ViaBackwards] Loading translations...
[13:02:28] [Server thread/INFO]: [ViaBackwards] Registering protocols...
[13:02:28] [Server thread/INFO]: [Kryptonite] Loading server plugin Kryptonite v2.0.1
[13:02:28] [Server thread/INFO]: [skript-reflect] Loading server plugin skript-reflect v2.6
[13:02:28] [Server thread/INFO]: [SkBee] Loading server plugin SkBee v3.11.2
[13:02:28] [Server thread/INFO]: [MinecraftDashboard] Loading server plugin MinecraftDashboard v1.1.7
[13:02:28] [Server thread/INFO]: [ViaBackwards] Loading server plugin ViaBackwards v5.3.3-SNAPSHOT
[13:02:28] [Server thread/INFO]: Server permissions file permissions.yml is empty, ignoring it
[13:02:28] [Server thread/INFO]: Preparing level "world"
[13:02:29] [Server thread/INFO]: Preparing start region for dimension minecraft:overworld
[13:02:29] [Server thread/INFO]: Preparing spawn area: 0%
[13:02:29] [Paper Common Worker #0/INFO]: [MCTypeRegistry] Initialising converters for DataConverter...
[13:02:29] [Paper Common Worker #0/INFO]: [MCTypeRegistry] Finished initialising converters for DataConverter in 256.8ms
[13:02:29] [Server thread/INFO]: Preparing spawn area: 2%
[13:02:30] [Server thread/INFO]: Preparing spawn area: 2%
[13:02:30] [Server thread/INFO]: Time elapsed: 1230 ms
[13:02:30] [Server thread/INFO]: Preparing start region for dimension minecraft:the_nether
[13:02:30] [Server thread/INFO]: Preparing spawn area: 0%
[13:02:30] [Server thread/INFO]: Time elapsed: 225 ms
[13:02:30] [Server thread/INFO]: Preparing start region for dimension minecraft:the_end
[13:02:30] [Server thread/INFO]: Preparing spawn area: 0%
[13:02:30] [Server thread/INFO]: Time elapsed: 133 ms
[13:02:30] [Server thread/INFO]: [Skript] Enabling Skript v2.11.1
[13:02:32] [ForkJoinPool.commonPool-worker-1/INFO]: [Skript] You're currently running the latest stable version of Skript.
[13:02:33] [Server thread/INFO]: [Skript]  ~ created by & © Peter Güttinger aka Njol ~
[13:02:33] [Server thread/INFO]: [ViaVersion] Enabling ViaVersion v5.3.3-SNAPSHOT
[13:02:33] [Server thread/INFO]: [ViaVersion] ViaVersion detected server version: 1.21.2-1.21.3 (768)
[13:02:33] [Server thread/INFO]: [Kryptonite] Enabling Kryptonite v2.0.1
[13:02:33] [Server thread/INFO]: [Kryptonite] 
[13:02:33] [Server thread/INFO]: [Kryptonite] █▄▀ █▀█ █▄█ █▀█ ▀█▀ █▀█ █▄ █ █ ▀█▀ █▀▀
[13:02:33] [Server thread/INFO]: [Kryptonite] █ █ █▀▄  █  █▀▀  █  █▄█ █ ▀█ █  █  ██▄
[13:02:33] [Server thread/INFO]: [Kryptonite] 
[13:02:33] [Server thread/INFO]: [Kryptonite] Running Kryptonite version 2.0.1.
[13:02:33] [Server thread/INFO]: [Kryptonite] Please report any issues with Kryptonite to our GitHub repository: https://github.com/lewmc/kryptonite/issues
[13:02:33] [Server thread/INFO]: [Kryptonite] 
[13:02:33] [Server thread/INFO]: [Kryptonite] Beginning startup...
[13:02:33] [Server thread/INFO]: [Kryptonite] 
[13:02:33] [Server thread/INFO]: [Kryptonite] You are running the latest version of Kryptonite.
[13:02:33] [Server thread/INFO]: [Kryptonite] 
[13:02:33] [Server thread/INFO]: [Kryptonite] Running server jar: Pufferfish version 1.21.3-R0.1-SNAPSHOT
[13:02:33] [Server thread/INFO]: [Kryptonite] Supported configurations loaded: Server Properties, Bukkit, Spigot, Paper (World Defaults), Paper (Global), Pufferfish.
[13:02:33] [Server thread/INFO]: [Kryptonite] 
[13:02:33] [Server thread/INFO]: [Kryptonite] Startup completed.
[13:02:33] [Server thread/INFO]: [skript-reflect] Enabling skript-reflect v2.6
[13:02:34] [Server thread/INFO]: [SkBee] Enabling SkBee v3.11.2
[13:02:34] [Server thread/INFO]: [SkBee] Registry Elements successfully loaded
[13:02:34] [ForkJoinPool.commonPool-worker-1/INFO]: [Skript] Loaded 5420 aliases in 1491ms
[13:02:34] [Server thread/INFO]: [SkBee] Loading NBTApi...
[13:02:34] [Server thread/INFO]: [SkBee] [NBTAPI] Found Minecraft: 1.21.3! Trying to find NMS support
[13:02:34] [Server thread/INFO]: [SkBee] [NBTAPI] NMS support 'MC1_21_R2' loaded!
[13:02:34] [Server thread/INFO]: [SkBee] Successfully loaded NBTApi!
[13:02:34] [Server thread/INFO]: [SkBee] NBT Elements successfully loaded
[13:02:34] [Server thread/INFO]: [SkBee] Text Component Elements successfully loaded
[13:02:34] [Server thread/INFO]: [SkBee] Advancement Elements successfully loaded
[13:02:34] [Server thread/INFO]: [SkBee] BossBar Elements successfully loaded
[13:02:34] [Server thread/INFO]: [SkBee] Bound Elements successfully loaded
[13:02:34] [Server thread/INFO]: [SkBee] Damage Source Elements successfully loaded
[13:02:34] [Server thread/INFO]: [SkBee] Display Entity Elements successfully loaded
[13:02:34] [Server thread/INFO]: [SkBee] Fastboard[Adventure] Elements successfully loaded
[13:02:34] [Server thread/INFO]: [SkBee] Fishing Elements successfully loaded
[13:02:34] [Server thread/INFO]: [SkBee] Game Event Elements successfully loaded
[13:02:34] [Server thread/INFO]: [SkBee] Item Component Elements successfully loaded
[13:02:34] [Server thread/INFO]: [SkBee] Particle Elements successfully loaded
[13:02:34] [Server thread/INFO]: [SkBee] Property Elements successfully loaded
[13:02:34] [Server thread/INFO]: [SkBee] RayTrace Elements successfully loaded
[13:02:34] [Server thread/INFO]: [SkBee] Recipe Elements successfully loaded
[13:02:34] [Server thread/INFO]: [SkBee] Scoreboard Elements successfully loaded
[13:02:34] [Server thread/INFO]: [SkBee] Statistic Elements successfully loaded
[13:02:35] [Server thread/INFO]: [SkBee] Structure Elements successfully loaded
[13:02:35] [Server thread/INFO]: [SkBee] SwitchCase Elements successfully loaded
[13:02:35] [Server thread/INFO]: [SkBee] Tick Manager Elements successfully loaded
[13:02:35] [Server thread/INFO]: [SkBee] Villager Elements successfully loaded
[13:02:35] [Server thread/INFO]: [SkBee] Virtual Furnace Elements disabled via config
[13:02:35] [Server thread/INFO]: [SkBee] World Border Elements disabled (now in Skript)
[13:02:35] [Server thread/INFO]: [SkBee] World Creator Elements successfully loaded
[13:02:35] [Server thread/INFO]: [SkBee] Chunk Generator Elements successfully loaded
[13:02:35] [Server thread/INFO]: [SkBee] Loaded (456) elements:
[13:02:35] [Server thread/INFO]: [SkBee]  - 55 events
[13:02:35] [Server thread/INFO]: [SkBee]  - 71 effects
[13:02:35] [Server thread/INFO]: [SkBee]  - 273 expressions
[13:02:35] [Server thread/INFO]: [SkBee]  - 26 conditions
[13:02:35] [Server thread/INFO]: [SkBee]  - 31 sections
[13:02:35] [Server thread/INFO]: [SkBee]  - 10 properties
[13:02:35] [Server thread/INFO]: [SkBee] Checking for update...
[13:02:35] [Server thread/INFO]: [SkBee] Plugin is up to date!
[13:02:35] [Server thread/INFO]: [SkBee] Successfully enabled v3.11.2 in 1.07 seconds
[13:02:35] [Server thread/INFO]: [MinecraftDashboard] Enabling MinecraftDashboard v1.1.7
[13:02:36] [Server thread/INFO]: [org.reflections.Reflections] Reflections took 75 ms to scan 1 urls, producing 2 keys and 34 values
[13:02:36] [Server thread/INFO]: [ViaBackwards] Enabling ViaBackwards v5.3.3-SNAPSHOT
[13:02:36] [Server thread/INFO]: [spark] Starting background profiler...
[13:02:36] [Server thread/INFO]: Done preparing level "world" (7.511s)
[13:02:36] [Server thread/INFO]: Running delayed init tasks
[13:02:36] [Craft Scheduler Thread - 2 - ViaVersion/INFO]: [ViaVersion] Finished mapping loading, shutting down loader executor.
[13:02:36] [Server thread/INFO]: [Skript] Loading variables...
[13:02:36] [Server thread/INFO]: [Skript] Loaded 0 variables in 0.0 seconds
[13:02:36] [Server thread/INFO]: [Skript] Line 87: (2dcraft.sk)
[13:02:36] [Server thread/INFO]:     Can't understand this structure: on mine of any log
[13:02:36] [Server thread/INFO]:     Line: on mine of any log:
[13:02:36] [Server thread/INFO]:  
[13:02:36] [Server thread/INFO]: [Skript] Line 103: (2dcraft.sk)
[13:02:36] [Server thread/INFO]:     Can't understand this structure: on break of fully grown wheat or carrots or potatoes or beetroots
[13:02:36] [Server thread/INFO]:     Line: on break of fully grown wheat or carrots or potatoes or beetroots:
[13:02:36] [Server thread/INFO]:  
[13:02:36] [Server thread/INFO]: [Skript] Line 110: (2dcraft.sk)
[13:02:36] [Server thread/INFO]:     Can't understand this structure: on break of nether wart block when fully grown
[13:02:36] [Server thread/INFO]:     Line: on break of nether wart block when fully grown:
[13:02:36] [Server thread/INFO]:  
[13:02:36] [Server thread/INFO]: [Skript] Line 123: (2dcraft.sk)
[13:02:36] [Server thread/INFO]:     Can't understand this structure: on fishing
[13:02:36] [Server thread/INFO]:     Line: on fishing:
[13:02:36] [Server thread/INFO]:  
[13:02:36] [Server thread/INFO]: [Skript] Line 136: (2dcraft.sk)
[13:02:36] [Server thread/INFO]:     Can't understand this structure: on enchant item
[13:02:36] [Server thread/INFO]:     Line: on enchant item:
[13:02:36] [Server thread/INFO]:  
[13:02:36] [Server thread/INFO]: [Skript] Line 148: (2dcraft.sk)
[13:02:36] [Server thread/INFO]:     Can't understand this structure: on brew
[13:02:36] [Server thread/INFO]:     Line: on brew:
[13:02:36] [Server thread/INFO]:  
[13:02:36] [Server thread/INFO]: [Skript] Line 206: (2dcraft.sk)
[13:02:36] [Server thread/INFO]:     Can't understand this structure: on death of guardian or elder_guardian
[13:02:36] [Server thread/INFO]:     Line: on death of guardian or elder_guardian:
[13:02:36] [Server thread/INFO]:  
[13:02:36] [Server thread/INFO]: [Skript] Line 217: (2dcraft.sk)
[13:02:36] [Server thread/INFO]:     Can't understand this structure: on death of ender_dragon
[13:02:36] [Server thread/INFO]:     Line: on death of ender_dragon:
[13:02:36] [Server thread/INFO]:  
[13:02:36] [Server thread/INFO]: [Skript] Line 458: (2dcraft.sk)
[13:02:36] [Server thread/INFO]:     Can't understand this structure: on equip of pickaxe
[13:02:36] [Server thread/INFO]:     Line: on equip of pickaxe:# More specific 'on equip of any pickaxe' might be better if available
[13:02:36] [Server thread/INFO]:  
[13:02:36] [Server thread/INFO]: [Skript] Line 462: (2dcraft.sk)
[13:02:36] [Server thread/INFO]:     Can't understand this structure: on unequip of pickaxe
[13:02:36] [Server thread/INFO]:     Line: on unequip of pickaxe:
[13:02:36] [Server thread/INFO]:  
[13:02:36] [Server thread/INFO]: [Skript] Line 486: (2dcraft.sk)
[13:02:36] [Server thread/INFO]:     Can't understand this structure: on pickup of experience orb
[13:02:36] [Server thread/INFO]:     Line: on pickup of experience orb:
[13:02:36] [Server thread/INFO]:  
[13:02:36] [Server thread/INFO]: [Skript] Line 31: (2dcraft.sk)
[13:02:36] [Server thread/INFO]:     Can't understand this expression: 'option "echo_item_material" parsed as item type'
[13:02:36] [Server thread/INFO]:     Line: set {_mat} to option "echo_item_material" parsed as item type
[13:02:36] [Server thread/INFO]:  
[13:02:36] [Server thread/INFO]: [Skript] Line 33: (2dcraft.sk)
[13:02:36] [Server thread/INFO]:     Can't understand this expression: '1 of {_mat} named "&fEcho of %{_item_name}%" with lore "&7A faint whisper of %{type}%." with nbt "{EchoData:{type:\`"%{type}%\`", value:%{nbtValue}%, custom_echo:true}}"'
[13:02:36] [Server thread/INFO]:     Line: set {_echo_item_single} to 1 of {_mat} named "&fEcho of %{_item_name}%" with lore "&7A faint whisper of %{type}%." with nbt "{EchoData:{type:\`"%{type}%\`", value:%{nbtValue}%, custom_echo:true}}"
[13:02:36] [Server thread/INFO]:  
[13:02:37] [Server thread/INFO]: [Skript] Line 40: (2dcraft.sk)
[13:02:37] [Server thread/INFO]:     Can't understand this expression: 'option "echo_item_material" parsed as item type'
[13:02:37] [Server thread/INFO]:     Line: set {_mat} to option "echo_item_material" parsed as item type
[13:02:37] [Server thread/INFO]:  
[13:02:37] [Server thread/INFO]: [Skript] Line 42: (2dcraft.sk)
[13:02:37] [Server thread/INFO]:     Can't understand this expression: '1 of {_mat} named "&fEcho of %{_item_name}%" with lore "&7A faint whisper of %{type}%." with nbt "{EchoData:{type:\`"%{type}%\`", value:%{nbtValue}%, custom_echo:true}}"'
[13:02:37] [Server thread/INFO]:     Line: set {_echo_item_to_drop} to 1 of {_mat} named "&fEcho of %{_item_name}%" with lore "&7A faint whisper of %{type}%." with nbt "{EchoData:{type:\`"%{type}%\`", value:%{nbtValue}%, custom_echo:true}}"
[13:02:37] [Server thread/INFO]:  
[13:02:37] [Server thread/INFO]: [Skript] Line 45: (2dcraft.sk)
[13:02:37] [Server thread/INFO]:     The returned value of the function 'vector', vector, is not a location.
[13:02:37] [Server thread/INFO]:     Line: spawn 3 of dust particle at {_loc} offset by vector(0.2, 0.2, 0.2)
[13:02:37] [Server thread/INFO]:  
[13:02:37] [Server thread/INFO]: [Skript] Line 388: (2dcraft.sk)
[13:02:37] [Server thread/INFO]:     Can't understand this expression: 'option "ability_cost_stonekin_stone"'
[13:02:37] [Server thread/INFO]:     Line: set {_cost} to option "ability_cost_stonekin_stone"
[13:02:37] [Server thread/INFO]:  
[13:02:37] [Server thread/INFO]: [Skript] Line 390: (2dcraft.sk)
[13:02:37] [Server thread/INFO]:     Can't understand this condition: '{player.ability.stonekin.%{_p}%} is not set or {player.ability.stonekin.%{_p}%} is false'
[13:02:37] [Server thread/INFO]:     Line: if {player.ability.stonekin.%{_p}%} is not set or {player.ability.stonekin.%{_p}%} is false:
[13:02:37] [Server thread/INFO]:  
[13:02:37] [Server thread/INFO]: [Skript] Line 397: (2dcraft.sk)
[13:02:37] [Server thread/INFO]:     'else' has to be placed just after another 'if' or 'else if' section
[13:02:37] [Server thread/INFO]:     Line: else:
[13:02:37] [Server thread/INFO]:  
[13:02:37] [Server thread/INFO]: [Skript] Line 401: (2dcraft.sk)
[13:02:37] [Server thread/INFO]:     Can't understand this condition/effect: play sound "entity.villager.no" at volume 1 pitch 1 to {_p}
[13:02:37] [Server thread/INFO]:     Line: play sound "entity.villager.no" at volume 1 pitch 1 to {_p}
[13:02:37] [Server thread/INFO]:  
[13:02:37] [Server thread/INFO]: [Skript] Line 403: (2dcraft.sk)
[13:02:37] [Server thread/INFO]:     Can't understand this expression: 'option "ability_cost_woodvigor_wood"'
[13:02:37] [Server thread/INFO]:     Line: set {_cost} to option "ability_cost_woodvigor_wood"
[13:02:37] [Server thread/INFO]:  
[13:02:37] [Server thread/INFO]: [Skript] Line 405: (2dcraft.sk)
[13:02:37] [Server thread/INFO]:     Can't understand this condition: '{player.ability.woodvigor.%{_p}%} is not set or {player.ability.woodvigor.%{_p}%} is false'
[13:02:37] [Server thread/INFO]:     Line: if {player.ability.woodvigor.%{_p}%} is not set or {player.ability.woodvigor.%{_p}%} is false:
[13:02:37] [Server thread/INFO]:  
[13:02:37] [Server thread/INFO]: [Skript] Line 412: (2dcraft.sk)
[13:02:37] [Server thread/INFO]:     'else' has to be placed just after another 'if' or 'else if' section
[13:02:37] [Server thread/INFO]:     Line: else:
[13:02:37] [Server thread/INFO]:  
[13:02:37] [Server thread/INFO]: [Skript] Line 416: (2dcraft.sk)
[13:02:37] [Server thread/INFO]:     Can't understand this condition/effect: play sound "entity.villager.no" at volume 1 pitch 1 to {_p}
[13:02:37] [Server thread/INFO]:     Line: play sound "entity.villager.no" at volume 1 pitch 1 to {_p}
[13:02:37] [Server thread/INFO]:  
[13:02:38] [Server thread/INFO]: [Skript] Line 422: (2dcraft.sk)
[13:02:38] [Server thread/INFO]:     Can't understand this expression: 'option "ability_cost_vitality_life"'
[13:02:38] [Server thread/INFO]:     Line: set {_base_cost} to option "ability_cost_vitality_life"
[13:02:38] [Server thread/INFO]:  
[13:02:38] [Server thread/INFO]: [Skript] Line 428: (2dcraft.sk)
[13:02:38] [Server thread/INFO]:     Can't understand this expression: 'option "ability_vitality_hearts"'
[13:02:38] [Server thread/INFO]:     Line: set {_health_boost_per_level_config} to option "ability_vitality_hearts"
[13:02:38] [Server thread/INFO]:  
[13:02:38] [Server thread/INFO]: [Skript] Line 430: (2dcraft.sk)
[13:02:38] [Server thread/INFO]:     Can't understand this expression: 'default max health of player'
[13:02:38] [Server thread/INFO]:     Line: set {_base_max_health} to default max health of player
[13:02:38] [Server thread/INFO]:  
[13:02:38] [Server thread/INFO]: [Skript] Line 431: (2dcraft.sk)
[13:02:38] [Server thread/INFO]:     max health of {_p} does not have a future state
[13:02:38] [Server thread/INFO]:     Line: set new max health of {_p} to {_base_max_health} + {_health_to_add}
[13:02:38] [Server thread/INFO]:  
[13:02:38] [Server thread/INFO]: [Skript] Line 433: (2dcraft.sk)
[13:02:38] [Server thread/INFO]:     Can't understand this condition/effect: play sound "entity.player.levelup" at volume 1 pitch 1.2 to {_p}
[13:02:38] [Server thread/INFO]:     Line: play sound "entity.player.levelup" at volume 1 pitch 1.2 to {_p}
[13:02:38] [Server thread/INFO]:  
[13:02:38] [Server thread/INFO]: [Skript] Line 438: (2dcraft.sk)
[13:02:38] [Server thread/INFO]:     Can't understand this condition/effect: play sound "entity.villager.no" at volume 1 pitch 1 to {_p}
[13:02:38] [Server thread/INFO]:     Line: play sound "entity.villager.no" at volume 1 pitch 1 to {_p}
[13:02:38] [Server thread/INFO]:  
[13:02:38] [Server thread/INFO]: [Skript] Line 442: (2dcraft.sk)
[13:02:38] [Server thread/INFO]:     Can't understand this expression: 'option "ability_cost_intellectboost_intellect"'
[13:02:38] [Server thread/INFO]:     Line: set {_cost} to option "ability_cost_intellectboost_intellect"
[13:02:38] [Server thread/INFO]:  
[13:02:38] [Server thread/INFO]: [Skript] Line 444: (2dcraft.sk)
[13:02:38] [Server thread/INFO]:     Can't understand this condition: '{player.ability.intellectboost.%{_p}%} is not set or {player.ability.intellectboost.%{_p}%} is false'
[13:02:38] [Server thread/INFO]:     Line: if {player.ability.intellectboost.%{_p}%} is not set or {player.ability.intellectboost.%{_p}%} is false:
[13:02:38] [Server thread/INFO]:  
[13:02:38] [Server thread/INFO]: [Skript] Line 451: (2dcraft.sk)
[13:02:38] [Server thread/INFO]:     'else' has to be placed just after another 'if' or 'else if' section
[13:02:38] [Server thread/INFO]:     Line: else:
[13:02:38] [Server thread/INFO]:  
[13:02:38] [Server thread/INFO]: [Skript] Line 455: (2dcraft.sk)
[13:02:38] [Server thread/INFO]:     Can't understand this condition/effect: play sound "entity.villager.no" at volume 1 pitch 1 to {_p}
[13:02:38] [Server thread/INFO]:     Line: play sound "entity.villager.no" at volume 1 pitch 1 to {_p}
[13:02:38] [Server thread/INFO]:  
[13:02:38] [Server thread/INFO]: [Skript] Line 259: (2dcraft.sk)
[13:02:38] [Server thread/INFO]:     Can't understand this expression: 'player'
[13:02:38] [Server thread/INFO]:     Line: command /echoes [<text>] [<offline player=player>] [<integer=1>]:
[13:02:38] [Server thread/INFO]:  
[13:02:38] [Server thread/INFO]: [Skript] Line 352: (2dcraft.sk)
[13:02:38] [Server thread/INFO]:     Can't understand this section: create a gui with virtual chest inventory with 3 rows named {_gui_name}
[13:02:38] [Server thread/INFO]:     Line: create a gui with virtual chest inventory with 3 rows named {_gui_name}:# Assuming TuSKe or similar
[13:02:38] [Server thread/INFO]:  
[13:02:38] [Server thread/INFO]: [Skript] Line 383: (2dcraft.sk)
[13:02:38] [Server thread/INFO]:     Can't understand this condition/effect: open last created gui to {_p}
[13:02:38] [Server thread/INFO]:     Line: open last created gui to {_p}
[13:02:38] [Server thread/INFO]:  
[13:02:39] [Server thread/INFO]: [Skript] Line 165: (2dcraft.sk)
[13:02:39] [Server thread/INFO]:     Can't understand this condition: 'name of current inventory contains "Villager" or name of current inventory contains "Trade"'
[13:02:39] [Server thread/INFO]:     Line: if name of current inventory contains "Villager" or name of current inventory contains "Trade":# Basic check
[13:02:39] [Server thread/INFO]:  
[13:03:41] [spark-async-sampler-worker-thread/WARN]: [spark] Timed out waiting for world statistics
[13:04:41] [spark-async-sampler-worker-thread/WARN]: [spark] Timed out waiting for world statistics
